  Source.cpp
C:\Users\User\source\repos\Project\Project1\Source.cpp(250,24): warning C4018: '<': signed/unsigned mismatch
C:\Users\User\source\repos\Project\Project1\Source.cpp(268,27): warning C4018: '<': signed/unsigned mismatch
C:\Users\User\source\repos\Project\Project1\Source.cpp(275,27): warning C4018: '<': signed/unsigned mismatch
C:\Users\User\source\repos\Project\Project1\Source.cpp(282,27): warning C4018: '<': signed/unsigned mismatch
C:\Users\User\source\repos\Project\Project1\Source.cpp(289,27): warning C4018: '<': signed/unsigned mismatch
C:\Users\User\source\repos\Project\Project1\Source.cpp(318,23): warning C4018: '<': signed/unsigned mismatch
C:\Users\User\source\repos\Project\Project1\Source.cpp(325,23): warning C4018: '<': signed/unsigned mismatch
C:\Users\User\source\repos\Project\Project1\Source.cpp(332,23): warning C4018: '<': signed/unsigned mismatch
C:\Users\User\source\repos\Project\Project1\Source.cpp(339,23): warning C4018: '<': signed/unsigned mismatch
C:\Users\User\source\repos\Project\Project1\Source.cpp(366,23): warning C4018: '<': signed/unsigned mismatch
C:\Users\User\source\repos\Project\Project1\Source.cpp(373,23): warning C4018: '<': signed/unsigned mismatch
C:\Users\User\source\repos\Project\Project1\Source.cpp(380,23): warning C4018: '<': signed/unsigned mismatch
C:\Users\User\source\repos\Project\Project1\Source.cpp(387,23): warning C4018: '<': signed/unsigned mismatch
C:\Users\User\source\repos\Project\Project1\Source.cpp(400,23): warning C4018: '<': signed/unsigned mismatch
C:\Users\User\source\repos\Project\Project1\Source.cpp(443,23): warning C4018: '<': signed/unsigned mismatch
C:\Users\User\source\repos\Project\Project1\Source.cpp(476,22): warning C4018: '<': signed/unsigned mismatch
C:\Users\User\source\repos\Project\Project1\Source.cpp(494,22): warning C4018: '<': signed/unsigned mismatch
C:\Users\User\source\repos\Project\Project1\Source.cpp(501,22): warning C4018: '<': signed/unsigned mismatch
C:\Users\User\source\repos\Project\Project1\Source.cpp(508,22): warning C4018: '<': signed/unsigned mismatch
C:\Users\User\source\repos\Project\Project1\Source.cpp(515,22): warning C4018: '<': signed/unsigned mismatch
C:\Users\User\source\repos\Project\Project1\Source.cpp(571,21): warning C4018: '<': signed/unsigned mismatch
C:\Users\User\source\repos\Project\Project1\Source.cpp(578,21): warning C4018: '<': signed/unsigned mismatch
C:\Users\User\source\repos\Project\Project1\Source.cpp(585,21): warning C4018: '<': signed/unsigned mismatch
C:\Users\User\source\repos\Project\Project1\Source.cpp(592,21): warning C4018: '<': signed/unsigned mismatch
C:\Users\User\source\repos\Project\Project1\Source.cpp(43,11): warning C4101: 'boeking1': unreferenced local variable
C:\Users\User\source\repos\Project\Project1\Source.cpp(778,20): warning C4018: '<': signed/unsigned mismatch
C:\Users\User\source\repos\Project\Project1\Source.cpp(785,11): warning C4018: '>': signed/unsigned mismatch
C:\Users\User\source\repos\Project\Project1\Source.cpp(810,20): warning C4018: '<': signed/unsigned mismatch
C:\Users\User\source\repos\Project\Project1\Source.cpp(817,12): warning C4018: '>': signed/unsigned mismatch
C:\Users\User\source\repos\Project\Project1\Source.cpp(1063,20): warning C4018: '<': signed/unsigned mismatch
C:\Users\User\source\repos\Project\Project1\Source.cpp(1069,21): warning C4018: '<=': signed/unsigned mismatch
C:\Users\User\source\repos\Project\Project1\Source.cpp(1041,7): warning C4101: 'tempvariable': unreferenced local variable
C:\Users\User\source\repos\Project\Project1\Source.cpp(1157,20): warning C4018: '<': signed/unsigned mismatch
C:\Users\User\source\repos\Project\Project1\Source.cpp(1163,11): warning C4018: '>': signed/unsigned mismatch
C:\Users\User\source\repos\Project\Project1\Source.cpp(1192,21): warning C4018: '<': signed/unsigned mismatch
C:\Users\User\source\repos\Project\Project1\Source.cpp(1198,22): warning C4018: '<=': signed/unsigned mismatch
C:\Users\User\source\repos\Project\Project1\Source.cpp(1320,20): warning C4018: '<': signed/unsigned mismatch
C:\Users\User\source\repos\Project\Project1\Source.cpp(1327,11): warning C4018: '>': signed/unsigned mismatch
C:\Users\User\source\repos\Project\Project1\Source.cpp(1353,20): warning C4018: '<': signed/unsigned mismatch
C:\Users\User\source\repos\Project\Project1\Source.cpp(1360,11): warning C4018: '>': signed/unsigned mismatch
C:\Users\User\source\repos\Project\Project1\Source.cpp(1371,20): warning C4018: '<': signed/unsigned mismatch
C:\Users\User\source\repos\Project\Project1\Source.cpp(1377,11): warning C4018: '>': signed/unsigned mismatch
C:\Users\User\source\repos\Project\Project1\Source.cpp(1401,20): warning C4018: '<': signed/unsigned mismatch
C:\Users\User\source\repos\Project\Project1\Source.cpp(1408,11): warning C4018: '>': signed/unsigned mismatch
C:\Users\User\source\repos\Project\Project1\Source.cpp(1430,21): warning C4018: '<': signed/unsigned mismatch
C:\Users\User\source\repos\Project\Project1\Source.cpp(1437,12): warning C4018: '>': signed/unsigned mismatch
C:\Users\User\source\repos\Project\Project1\Source.cpp(1443,12): warning C4018: '>': signed/unsigned mismatch
C:\Users\User\source\repos\Project\Project1\Source.cpp(1451,21): warning C4018: '<': signed/unsigned mismatch
C:\Users\User\source\repos\Project\Project1\Source.cpp(1457,12): warning C4018: '>': signed/unsigned mismatch
C:\Users\User\source\repos\Project\Project1\Source.cpp(1477,20): warning C4018: '<': signed/unsigned mismatch
C:\Users\User\source\repos\Project\Project1\Source.cpp(1484,11): warning C4018: '>': signed/unsigned mismatch
  Project1.vcxproj -> C:\Users\User\Documents\school\jaar 2\c++ oop\oefeningen\Debug\Project1.exe
